<?xml version="1.0" encoding="utf-8"?><testsuites name="pytest tests"><testsuite name="pytest" errors="19" failures="0" skipped="0" tests="19" time="0.324" timestamp="2026-04-05T09:31:42.693130+00:00" hostname="runnervm727z3"><testcase classname="" name="config.config_loader_test" time="0.000"><error message="collection failure">ImportError while importing test module '/home/runner/work/b2500-meter/b2500-meter/config/config_loader_test.py'.
Hint: make sure your test modules/packages have valid Python names.
Traceback:
/usr/lib/python3.12/importlib/__init__.py:90: in import_module
    return _bootstrap._gcd_import(name[level:], package, level)
           ^^^^^^^^^^^^^^^^^^^^^^^^^^^^^^^^^^^^^^^^^^^^^^^^^^^^
config/__init__.py:1: in &lt;module&gt;
    from .config_loader import read_all_powermeter_configs, ClientFilter
config/config_loader.py:6: in &lt;module&gt;
    from powermeter import (
powermeter/__init__.py:11: in &lt;module&gt;
    from .modbus import ModbusPowermeter
powermeter/modbus.py:3: in &lt;module&gt;
    from pymodbus.payload import BinaryPayloadDecoder
E   ModuleNotFoundError: No module named 'pymodbus.payload'</error></testcase><testcase classname="" name="powermeter.amisreader_test" time="0.000"><error message="collection failure">ImportError while importing test module '/home/runner/work/b2500-meter/b2500-meter/powermeter/amisreader_test.py'.
Hint: make sure your test modules/packages have valid Python names.
Traceback:
/usr/lib/python3.12/importlib/__init__.py:90: in import_module
    return _bootstrap._gcd_import(name[level:], package, level)
           ^^^^^^^^^^^^^^^^^^^^^^^^^^^^^^^^^^^^^^^^^^^^^^^^^^^^
powermeter/__init__.py:11: in &lt;module&gt;
    from .modbus import ModbusPowermeter
powermeter/modbus.py:3: in &lt;module&gt;
    from pymodbus.payload import BinaryPayloadDecoder
E   ModuleNotFoundError: No module named 'pymodbus.payload'</error></testcase><testcase classname="" name="powermeter.ema_test" time="0.000"><error message="collection failure">ImportError while importing test module '/home/runner/work/b2500-meter/b2500-meter/powermeter/ema_test.py'.
Hint: make sure your test modules/packages have valid Python names.
Traceback:
/usr/lib/python3.12/importlib/__init__.py:90: in import_module
    return _bootstrap._gcd_import(name[level:], package, level)
           ^^^^^^^^^^^^^^^^^^^^^^^^^^^^^^^^^^^^^^^^^^^^^^^^^^^^
powermeter/__init__.py:11: in &lt;module&gt;
    from .modbus import ModbusPowermeter
powermeter/modbus.py:3: in &lt;module&gt;
    from pymodbus.payload import BinaryPayloadDecoder
E   ModuleNotFoundError: No module named 'pymodbus.payload'</error></testcase><testcase classname="" name="powermeter.emlog_test" time="0.000"><error message="collection failure">ImportError while importing test module '/home/runner/work/b2500-meter/b2500-meter/powermeter/emlog_test.py'.
Hint: make sure your test modules/packages have valid Python names.
Traceback:
/usr/lib/python3.12/importlib/__init__.py:90: in import_module
    return _bootstrap._gcd_import(name[level:], package, level)
           ^^^^^^^^^^^^^^^^^^^^^^^^^^^^^^^^^^^^^^^^^^^^^^^^^^^^
powermeter/__init__.py:11: in &lt;module&gt;
    from .modbus import ModbusPowermeter
powermeter/modbus.py:3: in &lt;module&gt;
    from pymodbus.payload import BinaryPayloadDecoder
E   ModuleNotFoundError: No module named 'pymodbus.payload'</error></testcase><testcase classname="" name="powermeter.esphome_test" time="0.000"><error message="collection failure">ImportError while importing test module '/home/runner/work/b2500-meter/b2500-meter/powermeter/esphome_test.py'.
Hint: make sure your test modules/packages have valid Python names.
Traceback:
/usr/lib/python3.12/importlib/__init__.py:90: in import_module
    return _bootstrap._gcd_import(name[level:], package, level)
           ^^^^^^^^^^^^^^^^^^^^^^^^^^^^^^^^^^^^^^^^^^^^^^^^^^^^
powermeter/__init__.py:11: in &lt;module&gt;
    from .modbus import ModbusPowermeter
powermeter/modbus.py:3: in &lt;module&gt;
    from pymodbus.payload import BinaryPayloadDecoder
E   ModuleNotFoundError: No module named 'pymodbus.payload'</error></testcase><testcase classname="" name="powermeter.homeassistant_test" time="0.000"><error message="collection failure">ImportError while importing test module '/home/runner/work/b2500-meter/b2500-meter/powermeter/homeassistant_test.py'.
Hint: make sure your test modules/packages have valid Python names.
Traceback:
/usr/lib/python3.12/importlib/__init__.py:90: in import_module
    return _bootstrap._gcd_import(name[level:], package, level)
           ^^^^^^^^^^^^^^^^^^^^^^^^^^^^^^^^^^^^^^^^^^^^^^^^^^^^
powermeter/__init__.py:11: in &lt;module&gt;
    from .modbus import ModbusPowermeter
powermeter/modbus.py:3: in &lt;module&gt;
    from pymodbus.payload import BinaryPayloadDecoder
E   ModuleNotFoundError: No module named 'pymodbus.payload'</error></testcase><testcase classname="" name="powermeter.iobroker_test" time="0.000"><error message="collection failure">ImportError while importing test module '/home/runner/work/b2500-meter/b2500-meter/powermeter/iobroker_test.py'.
Hint: make sure your test modules/packages have valid Python names.
Traceback:
/usr/lib/python3.12/importlib/__init__.py:90: in import_module
    return _bootstrap._gcd_import(name[level:], package, level)
           ^^^^^^^^^^^^^^^^^^^^^^^^^^^^^^^^^^^^^^^^^^^^^^^^^^^^
powermeter/__init__.py:11: in &lt;module&gt;
    from .modbus import ModbusPowermeter
powermeter/modbus.py:3: in &lt;module&gt;
    from pymodbus.payload import BinaryPayloadDecoder
E   ModuleNotFoundError: No module named 'pymodbus.payload'</error></testcase><testcase classname="" name="powermeter.json_http_test" time="0.000"><error message="collection failure">ImportError while importing test module '/home/runner/work/b2500-meter/b2500-meter/powermeter/json_http_test.py'.
Hint: make sure your test modules/packages have valid Python names.
Traceback:
/usr/lib/python3.12/importlib/__init__.py:90: in import_module
    return _bootstrap._gcd_import(name[level:], package, level)
           ^^^^^^^^^^^^^^^^^^^^^^^^^^^^^^^^^^^^^^^^^^^^^^^^^^^^
powermeter/__init__.py:11: in &lt;module&gt;
    from .modbus import ModbusPowermeter
powermeter/modbus.py:3: in &lt;module&gt;
    from pymodbus.payload import BinaryPayloadDecoder
E   ModuleNotFoundError: No module named 'pymodbus.payload'</error></testcase><testcase classname="" name="powermeter.modbus_test" time="0.000"><error message="collection failure">ImportError while importing test module '/home/runner/work/b2500-meter/b2500-meter/powermeter/modbus_test.py'.
Hint: make sure your test modules/packages have valid Python names.
Traceback:
/usr/lib/python3.12/importlib/__init__.py:90: in import_module
    return _bootstrap._gcd_import(name[level:], package, level)
           ^^^^^^^^^^^^^^^^^^^^^^^^^^^^^^^^^^^^^^^^^^^^^^^^^^^^
powermeter/__init__.py:11: in &lt;module&gt;
    from .modbus import ModbusPowermeter
powermeter/modbus.py:3: in &lt;module&gt;
    from pymodbus.payload import BinaryPayloadDecoder
E   ModuleNotFoundError: No module named 'pymodbus.payload'</error></testcase><testcase classname="" name="powermeter.mqtt_test" time="0.000"><error message="collection failure">ImportError while importing test module '/home/runner/work/b2500-meter/b2500-meter/powermeter/mqtt_test.py'.
Hint: make sure your test modules/packages have valid Python names.
Traceback:
/usr/lib/python3.12/importlib/__init__.py:90: in import_module
    return _bootstrap._gcd_import(name[level:], package, level)
           ^^^^^^^^^^^^^^^^^^^^^^^^^^^^^^^^^^^^^^^^^^^^^^^^^^^^
powermeter/__init__.py:11: in &lt;module&gt;
    from .modbus import ModbusPowermeter
powermeter/modbus.py:3: in &lt;module&gt;
    from pymodbus.payload import BinaryPayloadDecoder
E   ModuleNotFoundError: No module named 'pymodbus.payload'</error></testcase><testcase classname="" name="powermeter.offset_test" time="0.000"><error message="collection failure">ImportError while importing test module '/home/runner/work/b2500-meter/b2500-meter/powermeter/offset_test.py'.
Hint: make sure your test modules/packages have valid Python names.
Traceback:
/usr/lib/python3.12/importlib/__init__.py:90: in import_module
    return _bootstrap._gcd_import(name[level:], package, level)
           ^^^^^^^^^^^^^^^^^^^^^^^^^^^^^^^^^^^^^^^^^^^^^^^^^^^^
powermeter/__init__.py:11: in &lt;module&gt;
    from .modbus import ModbusPowermeter
powermeter/modbus.py:3: in &lt;module&gt;
    from pymodbus.payload import BinaryPayloadDecoder
E   ModuleNotFoundError: No module named 'pymodbus.payload'</error></testcase><testcase classname="" name="powermeter.script_test" time="0.000"><error message="collection failure">ImportError while importing test module '/home/runner/work/b2500-meter/b2500-meter/powermeter/script_test.py'.
Hint: make sure your test modules/packages have valid Python names.
Traceback:
/usr/lib/python3.12/importlib/__init__.py:90: in import_module
    return _bootstrap._gcd_import(name[level:], package, level)
           ^^^^^^^^^^^^^^^^^^^^^^^^^^^^^^^^^^^^^^^^^^^^^^^^^^^^
powermeter/__init__.py:11: in &lt;module&gt;
    from .modbus import ModbusPowermeter
powermeter/modbus.py:3: in &lt;module&gt;
    from pymodbus.payload import BinaryPayloadDecoder
E   ModuleNotFoundError: No module named 'pymodbus.payload'</error></testcase><testcase classname="" name="powermeter.shelly_test" time="0.000"><error message="collection failure">ImportError while importing test module '/home/runner/work/b2500-meter/b2500-meter/powermeter/shelly_test.py'.
Hint: make sure your test modules/packages have valid Python names.
Traceback:
/usr/lib/python3.12/importlib/__init__.py:90: in import_module
    return _bootstrap._gcd_import(name[level:], package, level)
           ^^^^^^^^^^^^^^^^^^^^^^^^^^^^^^^^^^^^^^^^^^^^^^^^^^^^
powermeter/__init__.py:11: in &lt;module&gt;
    from .modbus import ModbusPowermeter
powermeter/modbus.py:3: in &lt;module&gt;
    from pymodbus.payload import BinaryPayloadDecoder
E   ModuleNotFoundError: No module named 'pymodbus.payload'</error></testcase><testcase classname="" name="powermeter.shrdzm_test" time="0.000"><error message="collection failure">ImportError while importing test module '/home/runner/work/b2500-meter/b2500-meter/powermeter/shrdzm_test.py'.
Hint: make sure your test modules/packages have valid Python names.
Traceback:
/usr/lib/python3.12/importlib/__init__.py:90: in import_module
    return _bootstrap._gcd_import(name[level:], package, level)
           ^^^^^^^^^^^^^^^^^^^^^^^^^^^^^^^^^^^^^^^^^^^^^^^^^^^^
powermeter/__init__.py:11: in &lt;module&gt;
    from .modbus import ModbusPowermeter
powermeter/modbus.py:3: in &lt;module&gt;
    from pymodbus.payload import BinaryPayloadDecoder
E   ModuleNotFoundError: No module named 'pymodbus.payload'</error></testcase><testcase classname="" name="powermeter.tasmota_test" time="0.000"><error message="collection failure">ImportError while importing test module '/home/runner/work/b2500-meter/b2500-meter/powermeter/tasmota_test.py'.
Hint: make sure your test modules/packages have valid Python names.
Traceback:
/usr/lib/python3.12/importlib/__init__.py:90: in import_module
    return _bootstrap._gcd_import(name[level:], package, level)
           ^^^^^^^^^^^^^^^^^^^^^^^^^^^^^^^^^^^^^^^^^^^^^^^^^^^^
powermeter/__init__.py:11: in &lt;module&gt;
    from .modbus import ModbusPowermeter
powermeter/modbus.py:3: in &lt;module&gt;
    from pymodbus.payload import BinaryPayloadDecoder
E   ModuleNotFoundError: No module named 'pymodbus.payload'</error></testcase><testcase classname="" name="powermeter.throttling_test" time="0.000"><error message="collection failure">ImportError while importing test module '/home/runner/work/b2500-meter/b2500-meter/powermeter/throttling_test.py'.
Hint: make sure your test modules/packages have valid Python names.
Traceback:
/usr/lib/python3.12/importlib/__init__.py:90: in import_module
    return _bootstrap._gcd_import(name[level:], package, level)
           ^^^^^^^^^^^^^^^^^^^^^^^^^^^^^^^^^^^^^^^^^^^^^^^^^^^^
powermeter/__init__.py:11: in &lt;module&gt;
    from .modbus import ModbusPowermeter
powermeter/modbus.py:3: in &lt;module&gt;
    from pymodbus.payload import BinaryPayloadDecoder
E   ModuleNotFoundError: No module named 'pymodbus.payload'</error></testcase><testcase classname="" name="powermeter.tq_em_test" time="0.000"><error message="collection failure">ImportError while importing test module '/home/runner/work/b2500-meter/b2500-meter/powermeter/tq_em_test.py'.
Hint: make sure your test modules/packages have valid Python names.
Traceback:
/usr/lib/python3.12/importlib/__init__.py:90: in import_module
    return _bootstrap._gcd_import(name[level:], package, level)
           ^^^^^^^^^^^^^^^^^^^^^^^^^^^^^^^^^^^^^^^^^^^^^^^^^^^^
powermeter/__init__.py:11: in &lt;module&gt;
    from .modbus import ModbusPowermeter
powermeter/modbus.py:3: in &lt;module&gt;
    from pymodbus.payload import BinaryPayloadDecoder
E   ModuleNotFoundError: No module named 'pymodbus.payload'</error></testcase><testcase classname="" name="powermeter.vzlogger_test" time="0.000"><error message="collection failure">ImportError while importing test module '/home/runner/work/b2500-meter/b2500-meter/powermeter/vzlogger_test.py'.
Hint: make sure your test modules/packages have valid Python names.
Traceback:
/usr/lib/python3.12/importlib/__init__.py:90: in import_module
    return _bootstrap._gcd_import(name[level:], package, level)
           ^^^^^^^^^^^^^^^^^^^^^^^^^^^^^^^^^^^^^^^^^^^^^^^^^^^^
powermeter/__init__.py:11: in &lt;module&gt;
    from .modbus import ModbusPowermeter
powermeter/modbus.py:3: in &lt;module&gt;
    from pymodbus.payload import BinaryPayloadDecoder
E   ModuleNotFoundError: No module named 'pymodbus.payload'</error></testcase><testcase classname="" name="shelly.shelly_udp_test" time="0.000"><error message="collection failure">ImportError while importing test module '/home/runner/work/b2500-meter/b2500-meter/shelly/shelly_udp_test.py'.
Hint: make sure your test modules/packages have valid Python names.
Traceback:
/usr/lib/python3.12/importlib/__init__.py:90: in import_module
    return _bootstrap._gcd_import(name[level:], package, level)
           ^^^^^^^^^^^^^^^^^^^^^^^^^^^^^^^^^^^^^^^^^^^^^^^^^^^^
shelly/__init__.py:1: in &lt;module&gt;
    from .shelly import Shelly
shelly/shelly.py:6: in &lt;module&gt;
    from config import ClientFilter
config/__init__.py:1: in &lt;module&gt;
    from .config_loader import read_all_powermeter_configs, ClientFilter
config/config_loader.py:6: in &lt;module&gt;
    from powermeter import (
powermeter/__init__.py:11: in &lt;module&gt;
    from .modbus import ModbusPowermeter
powermeter/modbus.py:3: in &lt;module&gt;
    from pymodbus.payload import BinaryPayloadDecoder
E   ModuleNotFoundError: No module named 'pymodbus.payload'</error></testcase></testsuite></testsuites>